<?xml version="1.0" encoding="UTF-8"?>
<testsuite xmlns:xsi="http://www.w3.org/2001/XMLSchema-instance" xsi:noNamespaceSchemaLocation="https://maven.apache.org/surefire/maven-surefire-plugin/xsd/surefire-test-report-3.0.xsd" version="3.0" name="TestSuite" time="668.263" tests="19" errors="0" skipped="0" failures="1">
  <properties>
[...]
</properties>
  <testcase name="bookInPersonAppointmentForChild" classname="com.oculushealth.test.BookAppointmentOculusCreditCardTest" time="35.385"/>
  <testcase name="bookInPersonAppointmentForSpouse" classname="com.oculushealth.test.BookAppointmentOculusCreditCardTest" time="63.111">
    <failure message="Expected condition failed: waiting for element to be clickable: Proxy element for: DefaultElementLocator &apos;By.xpath: //div[@class=&apos;CardNumberField-input-wrapper&apos;]//input[@name=&apos;cardnumber&apos;]&apos; (tried for 20 second(s) with 500 milliseconds interval)" type="org.openqa.selenium.TimeoutException"><![CDATA[org.openqa.selenium.TimeoutException: Expected condition failed: waiting for element to be clickable: Proxy element for: DefaultElementLocator 'By.xpath: //div[@class='CardNumberField-input-wrapper']//input[@name='cardnumber']' (tried for 20 second(s) with 500 milliseconds interval)
	at com.oculushealth.test.BookAppointmentOculusCreditCardTest.bookInPersonAppointmentForSpouse(BookAppointmentOculusCreditCardTest.java:344)
Caused by: org.openqa.selenium.NoSuchElementException: 
no such element: Unable to locate element: {"method":"xpath","selector":"//div[@class='CardNumberField-input-wrapper']//input[@name='cardnumber']"}
  (Session info: chrome=87.0.4280.141)
For documentation on this error, please visit: https://www.seleniumhq.org/exceptions/no_such_element.html
Build info: version: '3.141.59', revision: 'e82be7d358', time: '2018-11-14T08:17:03'
System info: host: 'YODA-PC', ip: '192.168.1.5', os.name: 'Windows 7', os.arch: 'amd64', os.version: '6.1', java.version: '1.8.0_181'
Driver info: org.openqa.selenium.chrome.ChromeDriver
Capabilities {acceptInsecureCerts: false, browserName: chrome, browserVersion: 87.0.4280.141, chrome: {chromedriverVersion: 87.0.4280.88 (89e2380a3e36c..., userDataDir: C:\Users\anand\AppData\Loca...}, goog:chromeOptions: {debuggerAddress: localhost:3350}, javascriptEnabled: true, networkConnectionEnabled: false, pageLoadStrategy: normal, platform: WINDOWS, platformName: WINDOWS, proxy: Proxy(), setWindowRect: true, strictFileInteractability: false, timeouts: {implicit: 0, pageLoad: 300000, script: 30000}, unhandledPromptBehavior: dismiss and notify, webauthn:virtualAuthenticators: true}
Session ID: 9f6d7ef51296ac33f4c794d063657273
*** Element info: {Using=xpath, value=//div[@class='CardNumberField-input-wrapper']//input[@name='cardnumber']}
	at com.oculushealth.test.BookAppointmentOculusCreditCardTest.bookInPersonAppointmentForSpouse(BookAppointmentOculusCreditCardTest.java:344)
]]></failure>
    <system-out><![CDATA[bookInPersonAppointmentForSpouse script started Thu Jan 14 18:59:03 IST 2021
bookInPersonAppointmentForSpouse  has failed Thu Jan 14 19:00:06 IST 2021
]]></system-out>
    <system-err><![CDATA[Starting ChromeDriver 87.0.4280.88 (89e2380a3e36c3464b5dd1302349b1382549290d-refs/branch-heads/4280@{#1761}) on port 40664
Only local connections are allowed.
Please see https://chromedriver.chromium.org/security-considerations for suggestions on keeping ChromeDriver safe.
ChromeDriver was started successfully.
Jan 14, 2021 6:58:59 PM org.openqa.selenium.remote.ProtocolHandshake createSession
INFO: Detected dialect: W3C
]]></system-err>
  </testcase>
  <testcase name="bookInPersonAppointmentForOther" classname="com.oculushealth.test.BookAppointmentOculusCreditCardTest" time="28.639"/>
  <testcase name="bookVideoCallAppointmentForSelf" classname="com.oculushealth.test.BookAppointmentOculusHealthCheckTest" time="19.746"/>
  <testcase name="bookInPersonAppointmentForSelf" classname="com.oculushealth.test.BookAppointmentOculusHealthCheckTest" time="29.009"/>
  <testcase name="bookInPersonAppointmentForChild" classname="com.oculushealth.test.BookAppointmentOculusHealthCheckTest" time="23.357"/>
  <testcase name="bookVideoCallAppointmentForChild" classname="com.oculushealth.test.BookAppointmentOculusHealthCheckTest" time="21.002"/>
  <testcase name="bookVideoCallAppointmentForSpouse" classname="com.oculushealth.test.BookAppointmentOculusHealthCheckTest" time="23.607"/>
  <testcase name="bookInPersonAppointmentForSpouse" classname="com.oculushealth.test.BookAppointmentOculusHealthCheckTest" time="24.428"/>
  <testcase name="bookVideoCallAppointmentForOther" classname="com.oculushealth.test.BookAppointmentOculusHealthCheckTest" time="23.736"/>
  <testcase name="bookInPersonAppointmentForOther" classname="com.oculushealth.test.BookAppointmentOculusHealthCheckTest" time="23.336"/>
  <testcase name="bookVideoCallAppointmentForSelf" classname="com.oculushealth.test.BookAppointmentOculusHealthCashTest" time="21.544"/>
  <testcase name="bookInPersonAppointmentForSelf" classname="com.oculushealth.test.BookAppointmentOculusHealthCashTest" time="22.215"/>
  <testcase name="bookInPersonAppointmentForChild" classname="com.oculushealth.test.BookAppointmentOculusHealthCashTest" time="22.182"/>
  <testcase name="bookVideoCallAppointmentForChild" classname="com.oculushealth.test.BookAppointmentOculusHealthCashTest" time="24.041"/>
  <testcase name="bookVideoCallAppointmentForSpouse" classname="com.oculushealth.test.BookAppointmentOculusHealthCashTest" time="26.947"/>
  <testcase name="bookInPersonAppointmentForSpouse" classname="com.oculushealth.test.BookAppointmentOculusHealthCashTest" time="24.199"/>
  <testcase name="bookVideoCallAppointmentForOther" classname="com.oculushealth.test.BookAppointmentOculusHealthCashTest" time="21.35"/>
  <testcase name="bookInPersonAppointmentForOther" classname="com.oculushealth.test.BookAppointmentOculusHealthCashTest" time="25.186"/>
</testsuite>